<?xml version="1.0" encoding="UTF-8"?>
<!-- Generated by org.testng.reporters.JUnitReportReporter -->
<testsuite hostname="Lenovo" name="com.vimalselvam.cucumber.runner.TestNGCukesRunner" tests="1" failures="0" timestamp="23 Aug 2021 23:29:21 GMT" time="37.711" errors="0">
  <testcase name="feature" time="37.711" classname="com.vimalselvam.cucumber.runner.TestNGCukesRunner"/>
</testsuite> <!-- com.vimalselvam.cucumber.runner.TestNGCukesRunner -->
