<?xml version="1.0" encoding="UTF-8"?>
<!-- Generated by org.testng.reporters.JUnitReportReporter -->
<testsuite hostname="Lenovo" name="com.vimalselvam.cucumber.runner.TestNGCukesRunner" tests="1" failures="0" timestamp="27 Aug 2021 21:47:44 GMT" time="99.210" errors="0">
  <testcase name="feature" time="99.210" classname="com.vimalselvam.cucumber.runner.TestNGCukesRunner"/>
</testsuite> <!-- com.vimalselvam.cucumber.runner.TestNGCukesRunner -->
